<?xml version="1.0" encoding="UTF-8"?>
<!-- Generated by org.testng.reporters.JUnitReportReporter -->
<testsuite hostname="SarthakDell" failures="0" tests="1" name="com.automation.Nov_05_2023_Day20_MultipleWebElements.Flipkart" time="11.434" errors="0" timestamp="2023-11-05T13:10:07 EST" skipped="0">
  <testcase classname="com.automation.Nov_05_2023_Day20_MultipleWebElements.Flipkart" name="formalShirts" time="11.434"/>
</testsuite> <!-- com.automation.Nov_05_2023_Day20_MultipleWebElements.Flipkart -->
