<?xml version="1.0" encoding="UTF-8"?>
<!-- Generated by org.testng.reporters.JUnitReportReporter -->
<testsuite hostname="SarthakDell" failures="0" tests="3" name="com.TestNG.Oct_08_Day12_TestNG_Repeat.HeadlessMode_ChromeOptions" time="19.871" errors="0" timestamp="2023-10-08T14:47:36 GMT-04:00" skipped="0">
  <testcase classname="com.TestNG.Oct_08_Day12_TestNG_Repeat.HeadlessMode_ChromeOptions" name="verifySearchWithValidProduct" time="6.442"/>
  <testcase classname="com.TestNG.Oct_08_Day12_TestNG_Repeat.HeadlessMode_ChromeOptions" name="verifySearchWithInvalidProduct" time="6.455"/>
  <testcase classname="com.TestNG.Oct_08_Day12_TestNG_Repeat.HeadlessMode_ChromeOptions" name="verifySearchWithNoProduct" time="6.974"/>
</testsuite> <!-- com.TestNG.Oct_08_Day12_TestNG_Repeat.HeadlessMode_ChromeOptions -->
