<?xml version="1.0" encoding="UTF-8"?>
<!-- Generated by org.testng.reporters.JUnitReportReporter -->
<testsuite hostname="SarthakDell" failures="0" tests="3" name="com.TestNG.Oct_14_Day13_TestNG_Repeat.Enabling_Disabling_Test_Case" time="0.010" errors="0" timestamp="2023-10-14T10:34:46 GMT-04:00" skipped="1">
  <testcase classname="com.TestNG.Oct_14_Day13_TestNG_Repeat.Enabling_Disabling_Test_Case" name="logic1" time="0.007"/>
  <testcase classname="com.TestNG.Oct_14_Day13_TestNG_Repeat.Enabling_Disabling_Test_Case" name="logic3" time="0.003"/>
  <testcase classname="com.TestNG.Oct_14_Day13_TestNG_Repeat.Enabling_Disabling_Test_Case" name="logic2">
    <skipped/>
  </testcase> <!-- logic2 -->
</testsuite> <!-- com.TestNG.Oct_14_Day13_TestNG_Repeat.Enabling_Disabling_Test_Case -->
