<?xml version="1.0" encoding="UTF-8"?>
<!-- Generated by org.testng.reporters.JUnitReportReporter -->
<testsuite hostname="SarthakDell" failures="0" tests="3" name="com.TestNG.Sep_24_2023_Day8_TestNGBasics.TriCombo_Annotations" time="0.017" errors="0" timestamp="2023-09-24T13:54:27 GMT-04:00" skipped="0">
  <testcase classname="com.TestNG.Sep_24_2023_Day8_TestNGBasics.TriCombo_Annotations" name="testCase1" time="0.012"/>
  <testcase classname="com.TestNG.Sep_24_2023_Day8_TestNGBasics.TriCombo_Annotations" name="testCase3" time="0.003"/>
  <testcase classname="com.TestNG.Sep_24_2023_Day8_TestNGBasics.TriCombo_Annotations" name="testCase2" time="0.002"/>
</testsuite> <!-- com.TestNG.Sep_24_2023_Day8_TestNGBasics.TriCombo_Annotations -->
