<?xml version="1.0" encoding="UTF-8"?>
<!-- Generated by org.testng.reporters.JUnitReportReporter -->
<testsuite hostname="SarthakDell" failures="0" tests="1" name="com.TestNG.Oct_29_2023_Day18_TestNG.Groups" time="0.009" errors="0" timestamp="2023-10-29T13:20:16 EDT" skipped="0">
  <testcase classname="com.TestNG.Oct_29_2023_Day18_TestNG.Groups" name="tc1" time="0.009"/>
</testsuite> <!-- com.TestNG.Oct_29_2023_Day18_TestNG.Groups -->
