<?xml version="1.0" encoding="UTF-8"?>
<!-- Generated by org.testng.reporters.JUnitReportReporter -->
<testsuite hostname="SarthakDELL" failures="0" tests="1" name="com.automation.Sep_30_2023_ApplicationOfStrings.ValidatingStringMethods" time="10.339" errors="0" timestamp="30 Sep 2023 16:00:11 GMT" skipped="0">
  <testcase classname="com.automation.Sep_30_2023_ApplicationOfStrings.ValidatingStringMethods" name="checkingEqualsMethod" time="10.339"/>
</testsuite> <!-- com.automation.Sep_30_2023_ApplicationOfStrings.ValidatingStringMethods -->
