<?xml version="1.0" encoding="UTF-8"?>
<!-- Generated by org.testng.reporters.JUnitReportReporter -->
<testsuite hostname="SarthakDell" failures="0" tests="4" name="com.TestNG.Oct_15_Day14_TestNG_Repeat_DataDrivenTesting_DataProvider.DataProvider_Rediff_SameClass" time="46.248" errors="0" timestamp="2023-10-15T11:35:04 GMT-04:00" skipped="0">
  <testcase classname="com.TestNG.Oct_15_Day14_TestNG_Repeat_DataDrivenTesting_DataProvider.DataProvider_Rediff_SameClass" name="rediffLoginTest" time="11.084"/>
  <testcase classname="com.TestNG.Oct_15_Day14_TestNG_Repeat_DataDrivenTesting_DataProvider.DataProvider_Rediff_SameClass" name="rediffLoginTest" time="11.942"/>
  <testcase classname="com.TestNG.Oct_15_Day14_TestNG_Repeat_DataDrivenTesting_DataProvider.DataProvider_Rediff_SameClass" name="rediffLoginTest" time="12.813"/>
  <testcase classname="com.TestNG.Oct_15_Day14_TestNG_Repeat_DataDrivenTesting_DataProvider.DataProvider_Rediff_SameClass" name="rediffLoginTest" time="10.409"/>
</testsuite> <!-- com.TestNG.Oct_15_Day14_TestNG_Repeat_DataDrivenTesting_DataProvider.DataProvider_Rediff_SameClass -->
