<?xml version="1.0" encoding="UTF-8"?>
<!-- Generated by org.testng.reporters.JUnitReportReporter -->
<testsuite hostname="SarthakDell" failures="0" tests="1" name="com.automation.Nov_12_2023_Day22_Screenshots.Example1" time="4.059" errors="0" timestamp="2023-11-12T10:37:11 EST" skipped="0">
  <testcase classname="com.automation.Nov_12_2023_Day22_Screenshots.Example1" name="shaadiHomePageBanner" time="4.059"/>
</testsuite> <!-- com.automation.Nov_12_2023_Day22_Screenshots.Example1 -->
