<?xml version="1.0" encoding="UTF-8"?>
<!-- Generated by org.testng.reporters.JUnitReportReporter -->
<testsuite hostname="SarthakDell" failures="0" tests="3" name="com.TestNG.Oct_08_Day12_TestNG_Repeat.Speciality_Of_BeforeMethod_and_AfterMethod" time="0.029" errors="0" timestamp="2023-10-08T11:38:36 GMT-04:00" skipped="0">
  <testcase classname="com.TestNG.Oct_08_Day12_TestNG_Repeat.Speciality_Of_BeforeMethod_and_AfterMethod" name="testCase2" time="0.006"/>
  <testcase classname="com.TestNG.Oct_08_Day12_TestNG_Repeat.Speciality_Of_BeforeMethod_and_AfterMethod" name="testCase3" time="0.005"/>
  <testcase classname="com.TestNG.Oct_08_Day12_TestNG_Repeat.Speciality_Of_BeforeMethod_and_AfterMethod" name="testCase1" time="0.018"/>
</testsuite> <!-- com.TestNG.Oct_08_Day12_TestNG_Repeat.Speciality_Of_BeforeMethod_and_AfterMethod -->
