<?xml version="1.0" encoding="UTF-8"?>
<!-- Generated by org.testng.reporters.JUnitReportReporter -->
<testsuite hostname="SarthakDell" failures="0" tests="1" name="com.TestNG.Oct_15_Day14_TestNG_Repeat_DataDrivenTesting.RediffLogin_PropertiesFile" time="5.774" errors="0" timestamp="2023-10-15T10:59:57 GMT-04:00" skipped="0">
  <testcase classname="com.TestNG.Oct_15_Day14_TestNG_Repeat_DataDrivenTesting.RediffLogin_PropertiesFile" name="readingFromPropertiesFile" time="5.774"/>
</testsuite> <!-- com.TestNG.Oct_15_Day14_TestNG_Repeat_DataDrivenTesting.RediffLogin_PropertiesFile -->
