<?xml version="1.0" encoding="UTF-8"?>
<!-- Generated by org.testng.reporters.JUnitReportReporter -->
<testsuite hostname="SarthakDELL" failures="0" tests="2" name="com.TestNG.Oct_01_2023_Day10_TestNG_DataProvider.TestCases_Only" time="25.978" errors="0" timestamp="01 Oct 2023 17:04:29 GMT" skipped="0">
  <testcase classname="com.TestNG.Oct_01_2023_Day10_TestNG_DataProvider.TestCases_Only" name="loginRediff" time="10.843"/>
  <testcase classname="com.TestNG.Oct_01_2023_Day10_TestNG_DataProvider.TestCases_Only" name="loginRediff" time="15.135"/>
</testsuite> <!-- com.TestNG.Oct_01_2023_Day10_TestNG_DataProvider.TestCases_Only -->
