<?xml version="1.0" encoding="UTF-8"?>
<!-- Generated by org.testng.reporters.JUnitReportReporter -->
<testsuite hostname="SarthakDell" failures="0" tests="1" name="com.automation.Nov_05_2023_Day20_MultipleWebElements.Class_1_Handling_Multiple_WebElements" time="17.054" errors="0" timestamp="2023-11-05T12:42:58 EST" skipped="0">
  <testcase classname="com.automation.Nov_05_2023_Day20_MultipleWebElements.Class_1_Handling_Multiple_WebElements" name="bbcDotCom" time="17.054"/>
</testsuite> <!-- com.automation.Nov_05_2023_Day20_MultipleWebElements.Class_1_Handling_Multiple_WebElements -->
