<?xml version="1.0" encoding="UTF-8"?>
<!-- Generated by org.testng.reporters.JUnitReportReporter -->
<testsuite hostname="SarthakDell" failures="0" tests="1" name="com.automation.Nov_11_2023_Day21_Keyboard_Actions_in_Selenium.Example1" time="8.001" errors="0" timestamp="2023-11-11T12:41:12 EST" skipped="0">
  <testcase classname="com.automation.Nov_11_2023_Day21_Keyboard_Actions_in_Selenium.Example1" name="keyBoardActions" time="8.001"/>
</testsuite> <!-- com.automation.Nov_11_2023_Day21_Keyboard_Actions_in_Selenium.Example1 -->
