<?xml version="1.0" encoding="UTF-8"?>
<!-- Generated by org.testng.reporters.JUnitReportReporter -->
<testsuite hostname="SarthakDell" failures="0" tests="5" name="com.TestNG.Oct_08_Day12_TestNG_Repeat.Assignment1" time="38.238" errors="0" timestamp="2023-10-08T12:20:36 GMT-04:00" skipped="0">
  <testcase classname="com.TestNG.Oct_08_Day12_TestNG_Repeat.Assignment1" name="verifyLoginWithInvalidEmailValidPassword" time="6.449"/>
  <testcase classname="com.TestNG.Oct_08_Day12_TestNG_Repeat.Assignment1" name="verifyLoginWithValidEmailInvalidPassword" time="7.111"/>
  <testcase classname="com.TestNG.Oct_08_Day12_TestNG_Repeat.Assignment1" name="verifyLoginWithInvalidCredentials" time="6.943"/>
  <testcase classname="com.TestNG.Oct_08_Day12_TestNG_Repeat.Assignment1" name="verifyLoginWithNoCredentials" time="9.415"/>
  <testcase classname="com.TestNG.Oct_08_Day12_TestNG_Repeat.Assignment1" name="verifyLoginWithValidCredentials" time="8.320"/>
</testsuite> <!-- com.TestNG.Oct_08_Day12_TestNG_Repeat.Assignment1 -->
