<?xml version="1.0" encoding="UTF-8"?>
<!-- Generated by org.testng.reporters.JUnitReportReporter -->
<testsuite hostname="SarthakDell" failures="0" tests="12" name="com.TestNG.Oct_15_Day14_TestNG_Repeat_DataDrivenTesting_DataProvider.DataProvider_TN_SameClass" time="88.640" errors="0" timestamp="2023-10-15T11:53:53 GMT-04:00" skipped="0">
  <testcase classname="com.TestNG.Oct_15_Day14_TestNG_Repeat_DataDrivenTesting_DataProvider.DataProvider_TN_SameClass" name="TNLoginTest" time="9.785"/>
  <testcase classname="com.TestNG.Oct_15_Day14_TestNG_Repeat_DataDrivenTesting_DataProvider.DataProvider_TN_SameClass" name="TNLoginTest" time="7.174"/>
  <testcase classname="com.TestNG.Oct_15_Day14_TestNG_Repeat_DataDrivenTesting_DataProvider.DataProvider_TN_SameClass" name="TNLoginTest" time="8.713"/>
  <testcase classname="com.TestNG.Oct_15_Day14_TestNG_Repeat_DataDrivenTesting_DataProvider.DataProvider_TN_SameClass" name="TNLoginTest" time="6.584"/>
  <testcase classname="com.TestNG.Oct_15_Day14_TestNG_Repeat_DataDrivenTesting_DataProvider.DataProvider_TN_SameClass" name="TNLoginTest" time="7.147"/>
  <testcase classname="com.TestNG.Oct_15_Day14_TestNG_Repeat_DataDrivenTesting_DataProvider.DataProvider_TN_SameClass" name="TNLoginTest" time="6.716"/>
  <testcase classname="com.TestNG.Oct_15_Day14_TestNG_Repeat_DataDrivenTesting_DataProvider.DataProvider_TN_SameClass" name="TNLoginTest" time="7.409"/>
  <testcase classname="com.TestNG.Oct_15_Day14_TestNG_Repeat_DataDrivenTesting_DataProvider.DataProvider_TN_SameClass" name="TNLoginTest" time="7.085"/>
  <testcase classname="com.TestNG.Oct_15_Day14_TestNG_Repeat_DataDrivenTesting_DataProvider.DataProvider_TN_SameClass" name="TNLoginTest" time="7.008"/>
  <testcase classname="com.TestNG.Oct_15_Day14_TestNG_Repeat_DataDrivenTesting_DataProvider.DataProvider_TN_SameClass" name="TNLoginTest" time="6.868"/>
  <testcase classname="com.TestNG.Oct_15_Day14_TestNG_Repeat_DataDrivenTesting_DataProvider.DataProvider_TN_SameClass" name="TNLoginTest" time="7.181"/>
  <testcase classname="com.TestNG.Oct_15_Day14_TestNG_Repeat_DataDrivenTesting_DataProvider.DataProvider_TN_SameClass" name="TNLoginTest" time="6.970"/>
</testsuite> <!-- com.TestNG.Oct_15_Day14_TestNG_Repeat_DataDrivenTesting_DataProvider.DataProvider_TN_SameClass -->
