<?xml version="1.0" encoding="UTF-8"?>
<!-- Generated by org.testng.reporters.JUnitReportReporter -->
<testsuite hostname="SarthakDell" failures="0" tests="2" name="com.TestNG.Sep_24_2023_Day8_TestNGBasics.Apply_TriCombo_Automation" time="12.352" errors="0" timestamp="2023-09-24T13:59:39 GMT-04:00" skipped="0">
  <testcase classname="com.TestNG.Sep_24_2023_Day8_TestNGBasics.Apply_TriCombo_Automation" name="selectLoginOption" time="7.445"/>
  <testcase classname="com.TestNG.Sep_24_2023_Day8_TestNGBasics.Apply_TriCombo_Automation" name="selectregisterOption" time="4.907"/>
</testsuite> <!-- com.TestNG.Sep_24_2023_Day8_TestNGBasics.Apply_TriCombo_Automation -->
