<?xml version="1.0" encoding="UTF-8"?>
<!-- Generated by org.testng.reporters.JUnitReportReporter -->
<testsuite hostname="SarthakDell" failures="0" tests="2" name="com.TestNG.Sep_24_2023_Day8_TestNGBasics.Annotations_TestNG" time="0.013" errors="0" timestamp="2023-09-24T13:50:28 GMT-04:00" skipped="0">
  <testcase classname="com.TestNG.Sep_24_2023_Day8_TestNGBasics.Annotations_TestNG" name="testCase1" time="0.008"/>
  <testcase classname="com.TestNG.Sep_24_2023_Day8_TestNGBasics.Annotations_TestNG" name="testCase2" time="0.005"/>
</testsuite> <!-- com.TestNG.Sep_24_2023_Day8_TestNGBasics.Annotations_TestNG -->
