<?xml version="1.0" encoding="UTF-8"?>
<!-- Generated by org.testng.reporters.JUnitReportReporter -->
<testsuite hostname="SarthakDell" failures="0" tests="1" name="com.automation.Nov_11_2023_Day21_Zoom_In_Out.RediffZoomIn_Out" time="6.534" errors="0" timestamp="2023-11-11T13:53:08 EST" skipped="0">
  <testcase classname="com.automation.Nov_11_2023_Day21_Zoom_In_Out.RediffZoomIn_Out" name="loginTest" time="6.534"/>
</testsuite> <!-- com.automation.Nov_11_2023_Day21_Zoom_In_Out.RediffZoomIn_Out -->
