<?xml version="1.0" encoding="UTF-8"?>
<!-- Generated by org.testng.reporters.JUnitReportReporter -->
<testsuite hostname="SarthakDell" failures="0" tests="5" name="com.TestNG.Oct_08_Day12_TestNG_Repeat.Understanding_ChromeOptions" time="39.707" errors="0" timestamp="2023-10-08T13:33:41 GMT-04:00" skipped="0">
  <testcase classname="com.TestNG.Oct_08_Day12_TestNG_Repeat.Understanding_ChromeOptions" name="verifyLoginWithValidCredentials" time="7.910"/>
  <testcase classname="com.TestNG.Oct_08_Day12_TestNG_Repeat.Understanding_ChromeOptions" name="verifyLoginWithInvalidCredentials" time="7.985"/>
  <testcase classname="com.TestNG.Oct_08_Day12_TestNG_Repeat.Understanding_ChromeOptions" name="verifyLoginWithInvalidEmailValidPassword" time="7.920"/>
  <testcase classname="com.TestNG.Oct_08_Day12_TestNG_Repeat.Understanding_ChromeOptions" name="verifyLoginWithValidEmailInvalidPassword" time="7.630"/>
  <testcase classname="com.TestNG.Oct_08_Day12_TestNG_Repeat.Understanding_ChromeOptions" name="verifyLoginWithNoCredentials" time="8.262"/>
</testsuite> <!-- com.TestNG.Oct_08_Day12_TestNG_Repeat.Understanding_ChromeOptions -->
