<?xml version="1.0" encoding="UTF-8"?>
<!-- Generated by org.testng.reporters.JUnitReportReporter -->
<testsuite hostname="SarthakDell" failures="0" tests="1" name="com.TestNG.Oct_08_Day12_TestNG_Repeat.WhyNotToIntroduceMainMethod" time="0.007" errors="0" timestamp="2023-10-08T11:08:59 GMT-04:00" skipped="0">
  <testcase classname="com.TestNG.Oct_08_Day12_TestNG_Repeat.WhyNotToIntroduceMainMethod" name="executionEngine" time="0.007"/>
</testsuite> <!-- com.TestNG.Oct_08_Day12_TestNG_Repeat.WhyNotToIntroduceMainMethod -->
