<?xml version="1.0" encoding="UTF-8"?>
<!-- Generated by org.testng.reporters.JUnitReportReporter -->
<testsuite hostname="SarthakDell" failures="0" tests="2" name="com.TestNG.Sep_24_2023_Day8_TestNGBasics.SettingPriority_TestCases" time="11.899" errors="0" timestamp="2023-09-24T14:02:16 GMT-04:00" skipped="0">
  <testcase classname="com.TestNG.Sep_24_2023_Day8_TestNGBasics.SettingPriority_TestCases" name="selectRegisterOption" time="5.300"/>
  <testcase classname="com.TestNG.Sep_24_2023_Day8_TestNGBasics.SettingPriority_TestCases" name="selectLoginOption" time="6.599"/>
</testsuite> <!-- com.TestNG.Sep_24_2023_Day8_TestNGBasics.SettingPriority_TestCases -->
