<?xml version="1.0" encoding="UTF-8"?>
<!-- Generated by org.testng.reporters.JUnitReportReporter -->
<testsuite hostname="SarthakDell" failures="0" tests="3" name="com.TestNG.Oct_15_Day14_TestNG_testng.xml.LoginTest" time="20.012" errors="0" timestamp="2023-10-15T14:20:24 GMT-04:00" skipped="0">
  <testcase classname="com.TestNG.Oct_15_Day14_TestNG_testng.xml.LoginTest" name="verifyLoginWithValidCredentials" time="7.165"/>
  <testcase classname="com.TestNG.Oct_15_Day14_TestNG_testng.xml.LoginTest" name="verifyLoginWithInvalidCredentials" time="6.456"/>
  <testcase classname="com.TestNG.Oct_15_Day14_TestNG_testng.xml.LoginTest" name="verifyLoginWithNoCredentials" time="6.391"/>
</testsuite> <!-- com.TestNG.Oct_15_Day14_TestNG_testng.xml.LoginTest -->
