<?xml version="1.0" encoding="UTF-8"?>
<!-- Generated by org.testng.reporters.JUnitReportReporter -->
<testsuite hostname="SarthakDell" failures="0" tests="5" name="com.TestNG.Oct_14_Day13_TestNG_Repeat.Assignment1_RediffLogin" time="29.234" errors="0" timestamp="2023-10-14T12:57:56 GMT-04:00" skipped="0">
  <testcase classname="com.TestNG.Oct_14_Day13_TestNG_Repeat.Assignment1_RediffLogin" name="verifyLoginWithValidCredentials" time="9.075"/>
  <testcase classname="com.TestNG.Oct_14_Day13_TestNG_Repeat.Assignment1_RediffLogin" name="verifyLoginWithValidUsernameInvalidPassword" time="4.512"/>
  <testcase classname="com.TestNG.Oct_14_Day13_TestNG_Repeat.Assignment1_RediffLogin" name="verifyLoginWithInvalidUsernameValidPassword" time="5.289"/>
  <testcase classname="com.TestNG.Oct_14_Day13_TestNG_Repeat.Assignment1_RediffLogin" name="verifyLoginWithInvalidCredentials" time="4.511"/>
  <testcase classname="com.TestNG.Oct_14_Day13_TestNG_Repeat.Assignment1_RediffLogin" name="verifyLoginWithNoCredentials" time="5.847"/>
</testsuite> <!-- com.TestNG.Oct_14_Day13_TestNG_Repeat.Assignment1_RediffLogin -->
