<?xml version="1.0" encoding="UTF-8"?>
<!-- Generated by org.testng.reporters.JUnitReportReporter -->
<testsuite hostname="SarthakDell" failures="0" tests="3" name="com.TestNG.Oct_08_Day12_TestNG_Repeat.Assignment3" time="22.319" errors="0" timestamp="2023-10-08T14:42:24 GMT-04:00" skipped="0">
  <testcase classname="com.TestNG.Oct_08_Day12_TestNG_Repeat.Assignment3" name="verifySearchWithValidProduct" time="6.205"/>
  <testcase classname="com.TestNG.Oct_08_Day12_TestNG_Repeat.Assignment3" name="verifySearchWithInvalidProduct" time="6.613"/>
  <testcase classname="com.TestNG.Oct_08_Day12_TestNG_Repeat.Assignment3" name="verifySearchWithNoProduct" time="9.501"/>
</testsuite> <!-- com.TestNG.Oct_08_Day12_TestNG_Repeat.Assignment3 -->
