<?xml version="1.0" encoding="UTF-8"?>
<!-- Generated by org.testng.reporters.JUnitReportReporter -->
<testsuite hostname="SarthakDell" failures="0" tests="1" name="com.TestNG.Oct_22_Day16_Application_Of_OOPs_Encapsulation.LoginTest" time="9.411" errors="0" timestamp="2023-10-22T14:50:14 EDT" skipped="0">
  <testcase classname="com.TestNG.Oct_22_Day16_Application_Of_OOPs_Encapsulation.LoginTest" name="loginValidCredentials" time="9.411"/>
</testsuite> <!-- com.TestNG.Oct_22_Day16_Application_Of_OOPs_Encapsulation.LoginTest -->
