<?xml version="1.0" encoding="UTF-8"?>
<!-- Generated by org.testng.reporters.JUnitReportReporter -->
<testsuite hostname="SarthakDell" failures="0" tests="1" name="com.automation.Nov_11_2023_Day21_Waits_In_Selenium.TN_ImplicitWait" time="4.068" errors="0" timestamp="2023-11-11T11:17:24 EST" skipped="0">
  <testcase classname="com.automation.Nov_11_2023_Day21_Waits_In_Selenium.TN_ImplicitWait" name="facebookWebDriverWaitTest" time="4.068"/>
</testsuite> <!-- com.automation.Nov_11_2023_Day21_Waits_In_Selenium.TN_ImplicitWait -->
