<?xml version="1.0" encoding="UTF-8"?>
<!-- Generated by org.testng.reporters.JUnitReportReporter -->
<testsuite hostname="SarthakDell" failures="0" tests="1" name="com.automation.Oct_14_2023_Alerts_PopUps.How_To_Handle_An_Alert" time="5.817" errors="0" timestamp="2023-10-14T13:52:42 GMT-04:00" skipped="0">
  <testcase classname="com.automation.Oct_14_2023_Alerts_PopUps.How_To_Handle_An_Alert" name="handlingAlert" time="5.817"/>
</testsuite> <!-- com.automation.Oct_14_2023_Alerts_PopUps.How_To_Handle_An_Alert -->
