<?xml version="1.0" encoding="UTF-8"?>
<!-- Generated by org.testng.reporters.JUnitReportReporter -->
<testsuite hostname="SarthakDell" failures="0" tests="3" name="com.TestNG.Oct_15_Day14_TestNG_Repeat_DataDrivenTesting_DataProvider.Topics" time="0.008" errors="0" timestamp="2023-10-15T11:17:54 GMT-04:00" skipped="0">
  <testcase classname="com.TestNG.Oct_15_Day14_TestNG_Repeat_DataDrivenTesting_DataProvider.Topics" name="loginTest" time="0.000"/>
  <testcase classname="com.TestNG.Oct_15_Day14_TestNG_Repeat_DataDrivenTesting_DataProvider.Topics" name="loginTest" time="0.007"/>
  <testcase classname="com.TestNG.Oct_15_Day14_TestNG_Repeat_DataDrivenTesting_DataProvider.Topics" name="loginTest" time="0.001"/>
</testsuite> <!-- com.TestNG.Oct_15_Day14_TestNG_Repeat_DataDrivenTesting_DataProvider.Topics -->
