<?xml version="1.0" encoding="UTF-8"?>
<!-- Generated by org.testng.reporters.JUnitReportReporter -->
<testsuite hostname="SarthakDell" failures="0" tests="1" name="com.TestNG.Oct_08_Day12_TestNG_Repeat.Priority_Of_Execution" time="9.996" errors="0" timestamp="2023-10-08T13:21:24 GMT-04:00" skipped="0">
  <testcase classname="com.TestNG.Oct_08_Day12_TestNG_Repeat.Priority_Of_Execution" name="verifyLoginWithValidCredentials" time="9.996"/>
</testsuite> <!-- com.TestNG.Oct_08_Day12_TestNG_Repeat.Priority_Of_Execution -->
