<?xml version="1.0" encoding="UTF-8"?>
<!-- Generated by org.testng.reporters.JUnitReportReporter -->
<testsuite hostname="SarthakDELL" failures="0" tests="2" name="com.TestNG.Sep_24_2023_Day9_TestNG.Assertions_inTestNG" time="13.396" errors="0" timestamp="30 Sep 2023 16:33:31 GMT" skipped="0">
  <testcase classname="com.TestNG.Sep_24_2023_Day9_TestNG.Assertions_inTestNG" name="login" time="5.584"/>
  <testcase classname="com.TestNG.Sep_24_2023_Day9_TestNG.Assertions_inTestNG" name="logout" time="7.812"/>
</testsuite> <!-- com.TestNG.Sep_24_2023_Day9_TestNG.Assertions_inTestNG -->
