<?xml version="1.0" encoding="UTF-8"?>
<!-- Generated by org.testng.reporters.JUnitReportReporter -->
<testsuite hostname="SarthakDell" failures="0" tests="1" name="com.automation.Nov_12_2023_Day22_Date_Picker_Calendar.Type2" time="7.918" errors="0" timestamp="2023-11-12T14:15:34 EST" skipped="0">
  <testcase classname="com.automation.Nov_12_2023_Day22_Date_Picker_Calendar.Type2" name="datePicker" time="7.918"/>
</testsuite> <!-- com.automation.Nov_12_2023_Day22_Date_Picker_Calendar.Type2 -->
