<?xml version="1.0" encoding="UTF-8"?>
<!-- Generated by org.testng.reporters.JUnitReportReporter -->
<testsuite hostname="SarthakDell" failures="0" tests="4" name="com.TestNG.Oct_14_Day13_TestNG_Repeat.Assignment2_Register_TN" time="46.745" errors="0" timestamp="2023-10-14T14:56:36 GMT-04:00" skipped="0">
  <testcase classname="com.TestNG.Oct_14_Day13_TestNG_Repeat.Assignment2_Register_TN" name="verifyingRegisterWithMandatoryFields" time="11.130"/>
  <testcase classname="com.TestNG.Oct_14_Day13_TestNG_Repeat.Assignment2_Register_TN" name="verifyingRegisterWithAllFields" time="13.414"/>
  <testcase classname="com.TestNG.Oct_14_Day13_TestNG_Repeat.Assignment2_Register_TN" name="verifyingRegisterWithExistingEmail" time="10.598"/>
  <testcase classname="com.TestNG.Oct_14_Day13_TestNG_Repeat.Assignment2_Register_TN" name="verifyingRegisterWithNoFields" time="11.603"/>
</testsuite> <!-- com.TestNG.Oct_14_Day13_TestNG_Repeat.Assignment2_Register_TN -->
