<?xml version="1.0" encoding="UTF-8"?>
<!-- Generated by org.testng.reporters.JUnitReportReporter -->
<testsuite hostname="SarthakDell" failures="0" tests="1" name="com.automation.Nov_11_2023_Day21_ToolTip.Rediff_ToolTips" time="6.919" errors="0" timestamp="2023-11-11T14:00:54 EST" skipped="0">
  <testcase classname="com.automation.Nov_11_2023_Day21_ToolTip.Rediff_ToolTips" name="loginTest" time="6.919"/>
</testsuite> <!-- com.automation.Nov_11_2023_Day21_ToolTip.Rediff_ToolTips -->
