<?xml version="1.0" encoding="UTF-8"?>
<!-- Generated by org.testng.reporters.JUnitReportReporter -->
<testsuite hostname="SarthakDELL" failures="0" tests="10" name="com.TestNG.Sep_24_2023_Day9_TestNG.RunATestMultipleTimes" time="58.174" errors="0" timestamp="30 Sep 2023 17:51:31 GMT" skipped="0">
  <testcase classname="com.TestNG.Sep_24_2023_Day9_TestNG.RunATestMultipleTimes" name="openBrowser" time="5.587"/>
  <testcase classname="com.TestNG.Sep_24_2023_Day9_TestNG.RunATestMultipleTimes" name="openBrowser" time="5.627"/>
  <testcase classname="com.TestNG.Sep_24_2023_Day9_TestNG.RunATestMultipleTimes" name="openBrowser" time="6.860"/>
  <testcase classname="com.TestNG.Sep_24_2023_Day9_TestNG.RunATestMultipleTimes" name="openBrowser" time="5.808"/>
  <testcase classname="com.TestNG.Sep_24_2023_Day9_TestNG.RunATestMultipleTimes" name="openBrowser" time="5.999"/>
  <testcase classname="com.TestNG.Sep_24_2023_Day9_TestNG.RunATestMultipleTimes" name="openBrowser" time="5.714"/>
  <testcase classname="com.TestNG.Sep_24_2023_Day9_TestNG.RunATestMultipleTimes" name="openBrowser" time="5.638"/>
  <testcase classname="com.TestNG.Sep_24_2023_Day9_TestNG.RunATestMultipleTimes" name="openBrowser" time="5.766"/>
  <testcase classname="com.TestNG.Sep_24_2023_Day9_TestNG.RunATestMultipleTimes" name="openBrowser" time="5.365"/>
  <testcase classname="com.TestNG.Sep_24_2023_Day9_TestNG.RunATestMultipleTimes" name="openBrowser" time="5.810"/>
</testsuite> <!-- com.TestNG.Sep_24_2023_Day9_TestNG.RunATestMultipleTimes -->
