<?xml version="1.0" encoding="UTF-8"?>
<!-- Generated by org.testng.reporters.JUnitReportReporter -->
<testsuite hostname="SarthakDell" failures="0" tests="3" name="com.TestNG.Oct_15_Day14_TestNG_testng.xml.RegisterTest" time="27.206" errors="0" timestamp="2023-10-15T14:20:24 GMT-04:00" skipped="0">
  <testcase classname="com.TestNG.Oct_15_Day14_TestNG_testng.xml.RegisterTest" name="verifyingRegisterWithMandatoryFields" time="8.753"/>
  <testcase classname="com.TestNG.Oct_15_Day14_TestNG_testng.xml.RegisterTest" name="verifyingRegisterWithExistingEmail" time="10.521"/>
  <testcase classname="com.TestNG.Oct_15_Day14_TestNG_testng.xml.RegisterTest" name="verifyingRegisterWithNoFields" time="7.932"/>
</testsuite> <!-- com.TestNG.Oct_15_Day14_TestNG_testng.xml.RegisterTest -->
