<?xml version="1.0" encoding="UTF-8"?>
<!-- Generated by org.testng.reporters.JUnitReportReporter -->
<testsuite hostname="SarthakDELL" failures="0" tests="3" name="com.TestNG.Sep_24_2023_Day9_TestNG.DependenciesOnMethods" time="22.714" errors="0" timestamp="30 Sep 2023 16:15:34 GMT" skipped="0">
  <testcase classname="com.TestNG.Sep_24_2023_Day9_TestNG.DependenciesOnMethods" name="login" time="5.725"/>
  <testcase classname="com.TestNG.Sep_24_2023_Day9_TestNG.DependenciesOnMethods" name="logout" time="10.005"/>
  <testcase classname="com.TestNG.Sep_24_2023_Day9_TestNG.DependenciesOnMethods" name="continueButtonOnLogoutPage" time="6.984"/>
</testsuite> <!-- com.TestNG.Sep_24_2023_Day9_TestNG.DependenciesOnMethods -->
