<?xml version="1.0" encoding="UTF-8"?>
<!-- Generated by org.testng.reporters.JUnitReportReporter -->
<testsuite hostname="SarthakDELL" failures="0" tests="3" name="com.TestNG.Oct_01_2023_Day10_TestNG_DataProvider.Rules_DataProvider" time="0.024" errors="0" timestamp="01 Oct 2023 16:16:40 GMT" skipped="0">
  <testcase classname="com.TestNG.Oct_01_2023_Day10_TestNG_DataProvider.Rules_DataProvider" name="loginTest" time="0.021"/>
  <testcase classname="com.TestNG.Oct_01_2023_Day10_TestNG_DataProvider.Rules_DataProvider" name="loginTest" time="0.002"/>
  <testcase classname="com.TestNG.Oct_01_2023_Day10_TestNG_DataProvider.Rules_DataProvider" name="loginTest" time="0.001"/>
</testsuite> <!-- com.TestNG.Oct_01_2023_Day10_TestNG_DataProvider.Rules_DataProvider -->
