<?xml version="1.0" encoding="UTF-8"?>
<!-- Generated by org.testng.reporters.JUnitReportReporter -->
<testsuite hostname="SarthakDell" failures="0" tests="6" name="com.TestNG.Oct_14_Day13_TestNG_Repeat.Assertions_Assert" time="43.314" errors="0" timestamp="2023-10-14T12:15:41 GMT-04:00" skipped="1">
  <testcase classname="com.TestNG.Oct_14_Day13_TestNG_Repeat.Assertions_Assert" name="verifyLoginWithValidCredentials" time="8.077"/>
  <testcase classname="com.TestNG.Oct_14_Day13_TestNG_Repeat.Assertions_Assert" name="verifyLoginWithInvalidCredentials" time="7.499"/>
  <testcase classname="com.TestNG.Oct_14_Day13_TestNG_Repeat.Assertions_Assert" name="verifyLoginWithValidEmailInvalidPassword" time="13.538"/>
  <testcase classname="com.TestNG.Oct_14_Day13_TestNG_Repeat.Assertions_Assert" name="verifyLoginWithInvalidEmailValidPassword" time="7.238"/>
  <testcase classname="com.TestNG.Oct_14_Day13_TestNG_Repeat.Assertions_Assert" name="verifyLoginWithNoCredentials" time="6.962"/>
  <testcase classname="com.TestNG.Oct_14_Day13_TestNG_Repeat.Assertions_Assert" name="explainAssertions">
    <skipped/>
  </testcase> <!-- explainAssertions -->
</testsuite> <!-- com.TestNG.Oct_14_Day13_TestNG_Repeat.Assertions_Assert -->
