<?xml version="1.0" encoding="UTF-8"?>
<!-- Generated by org.testng.reporters.JUnitReportReporter -->
<testsuite hostname="SarthakDell" failures="0" tests="7" name="com.TestNG.Oct_14_Day13_TestNG_Repeat.Executing_A_Test_Case_Multiple_Times" time="0.019" errors="0" timestamp="2023-10-14T11:08:23 GMT-04:00" skipped="0">
  <testcase classname="com.TestNG.Oct_14_Day13_TestNG_Repeat.Executing_A_Test_Case_Multiple_Times" name="logic1" time="0.010"/>
  <testcase classname="com.TestNG.Oct_14_Day13_TestNG_Repeat.Executing_A_Test_Case_Multiple_Times" name="logic2" time="0.003"/>
  <testcase classname="com.TestNG.Oct_14_Day13_TestNG_Repeat.Executing_A_Test_Case_Multiple_Times" name="logic3" time="0.001"/>
  <testcase classname="com.TestNG.Oct_14_Day13_TestNG_Repeat.Executing_A_Test_Case_Multiple_Times" name="logic3" time="0.001"/>
  <testcase classname="com.TestNG.Oct_14_Day13_TestNG_Repeat.Executing_A_Test_Case_Multiple_Times" name="logic3" time="0.002"/>
  <testcase classname="com.TestNG.Oct_14_Day13_TestNG_Repeat.Executing_A_Test_Case_Multiple_Times" name="logic3" time="0.001"/>
  <testcase classname="com.TestNG.Oct_14_Day13_TestNG_Repeat.Executing_A_Test_Case_Multiple_Times" name="logic3" time="0.001"/>
</testsuite> <!-- com.TestNG.Oct_14_Day13_TestNG_Repeat.Executing_A_Test_Case_Multiple_Times -->
