<?xml version="1.0" encoding="UTF-8"?>
<!-- Generated by org.testng.reporters.JUnitReportReporter -->
<testsuite hostname="SarthakDell" failures="0" tests="1" name="com.TestNG.Oct_29_2023_Day18_TestNG_SuiteFiles_Sanity_Suite.Sanity_SearchProductTest" time="0.000" errors="0" timestamp="2023-10-29T13:50:32 EDT" skipped="0">
  <testcase classname="com.TestNG.Oct_29_2023_Day18_TestNG_SuiteFiles_Sanity_Suite.Sanity_SearchProductTest" name="sanitySearchProductValidation" time="0.000"/>
</testsuite> <!-- com.TestNG.Oct_29_2023_Day18_TestNG_SuiteFiles_Sanity_Suite.Sanity_SearchProductTest -->
