<?xml version="1.0" encoding="UTF-8"?>
<!-- Generated by org.testng.reporters.JUnitReportReporter -->
<testsuite hostname="SarthakDell" failures="0" tests="1" name="com.automation.Nov_12_2023_Day22_Brave_Browser.RediffLogin" time="14.967" errors="0" timestamp="2023-11-12T10:17:57 EST" skipped="0">
  <testcase classname="com.automation.Nov_12_2023_Day22_Brave_Browser.RediffLogin" name="checkingBraveBrowser" time="14.967"/>
</testsuite> <!-- com.automation.Nov_12_2023_Day22_Brave_Browser.RediffLogin -->
