<?xml version="1.0" encoding="UTF-8"?>
<!-- Generated by org.testng.reporters.JUnitReportReporter -->
<testsuite hostname="SarthakDell" failures="0" tests="2" name="com.TestNG.Sep_24_2023_Day8_TestNGBasics.Class_Assignment" time="19.621" errors="0" timestamp="2023-09-24T14:25:01 GMT-04:00" skipped="0">
  <testcase classname="com.TestNG.Sep_24_2023_Day8_TestNGBasics.Class_Assignment" name="loginOption" time="7.889"/>
  <testcase classname="com.TestNG.Sep_24_2023_Day8_TestNGBasics.Class_Assignment" name="registerOption" time="11.732"/>
</testsuite> <!-- com.TestNG.Sep_24_2023_Day8_TestNGBasics.Class_Assignment -->
