<?xml version="1.0" encoding="UTF-8"?>
<!-- Generated by org.testng.reporters.JUnitReportReporter -->
<testsuite hostname="SarthakDell" failures="0" tests="1" name="com.automation.Nov_11_2023_Day21_DynamicDropdown.AutoSuggestive_Dropdown" time="21.900" errors="0" timestamp="2023-11-11T14:52:00 EST" skipped="0">
  <testcase classname="com.automation.Nov_11_2023_Day21_DynamicDropdown.AutoSuggestive_Dropdown" name="makeMyTrip" time="21.900"/>
</testsuite> <!-- com.automation.Nov_11_2023_Day21_DynamicDropdown.AutoSuggestive_Dropdown -->
