<?xml version="1.0" encoding="UTF-8"?>
<!-- Generated by org.testng.reporters.JUnitReportReporter -->
<testsuite hostname="SarthakDell" failures="0" tests="4" name="com.TestNG.Oct_08_Day12_TestNG_Repeat.Assignment2" time="32.324" errors="0" timestamp="2023-10-08T14:02:50 GMT-04:00" skipped="0">
  <testcase classname="com.TestNG.Oct_08_Day12_TestNG_Repeat.Assignment2" name="verifyRegisterWithMandatoryDetails" time="7.747"/>
  <testcase classname="com.TestNG.Oct_08_Day12_TestNG_Repeat.Assignment2" name="verifyRegisterWithAllDetails" time="9.543"/>
  <testcase classname="com.TestNG.Oct_08_Day12_TestNG_Repeat.Assignment2" name="verifyRegisterWithExistingEmail" time="7.215"/>
  <testcase classname="com.TestNG.Oct_08_Day12_TestNG_Repeat.Assignment2" name="verifyRegisterWithNoDetails" time="7.819"/>
</testsuite> <!-- com.TestNG.Oct_08_Day12_TestNG_Repeat.Assignment2 -->
