<?xml version="1.0" encoding="UTF-8"?>
<!-- Generated by org.testng.reporters.JUnitReportReporter -->
<testsuite hostname="SarthakDell" failures="0" tests="1" name="com.showing_demo.CheckDisplay" time="0.020" errors="0" timestamp="2023-10-29T14:30:04 EDT" skipped="0">
  <testcase classname="com.showing_demo.CheckDisplay" name="someLogic" time="0.020"/>
</testsuite> <!-- com.showing_demo.CheckDisplay -->
