<?xml version="1.0" encoding="UTF-8"?>
<!-- Generated by org.testng.reporters.JUnitReportReporter -->
<testsuite hostname="SarthakDell" failures="0" tests="1" name="com.TestNG.Oct_15_Day14_TestNG_testng.xml.Parameterization_Using_TestNGxml_file" time="8.073" errors="0" timestamp="2023-10-15T14:49:45 GMT-04:00" skipped="0">
  <testcase classname="com.TestNG.Oct_15_Day14_TestNG_testng.xml.Parameterization_Using_TestNGxml_file" name="verifyLoginWithValidCredentials" time="8.073"/>
</testsuite> <!-- com.TestNG.Oct_15_Day14_TestNG_testng.xml.Parameterization_Using_TestNGxml_file -->
