<?xml version="1.0" encoding="UTF-8"?>
<!-- Generated by org.testng.reporters.JUnitReportReporter -->
<testsuite hostname="SarthakDell" failures="0" tests="1" name="com.TestNG.Oct_15_Day14_TestNG_Repeat_DataDrivenTesting.HowToReadFromPropertiesFile" time="10.521" errors="0" timestamp="2023-10-15T10:51:39 GMT-04:00" skipped="0">
  <testcase classname="com.TestNG.Oct_15_Day14_TestNG_Repeat_DataDrivenTesting.HowToReadFromPropertiesFile" name="readingFromPropertiesFile" time="10.521"/>
</testsuite> <!-- com.TestNG.Oct_15_Day14_TestNG_Repeat_DataDrivenTesting.HowToReadFromPropertiesFile -->
