<?xml version="1.0" encoding="UTF-8"?>
<!-- Generated by org.testng.reporters.JUnitReportReporter -->
<testsuite hostname="SarthakDell" failures="0" tests="1" name="com.automation.Nov_05_2023_Day20_MultipleWebElements.Clicking_Simultaneously_On_Many_Links" time="98.242" errors="0" timestamp="2023-11-05T14:00:20 EST" skipped="0">
  <testcase classname="com.automation.Nov_05_2023_Day20_MultipleWebElements.Clicking_Simultaneously_On_Many_Links" name="rediff" time="98.242"/>
</testsuite> <!-- com.automation.Nov_05_2023_Day20_MultipleWebElements.Clicking_Simultaneously_On_Many_Links -->
